<?xml version="1.0" encoding="UTF-8"?>
<testsuite xmlns:xsi="http://www.w3.org/2001/XMLSchema-instance" xsi:noNamespaceSchemaLocation="https://maven.apache.org/surefire/maven-surefire-plugin/xsd/surefire-test-report.xsd" version="3.0.2" name="com.wikipedia.unit.ConfigReaderUnitTest" time="0.535" tests="10" errors="0" skipped="0" failures="0">
  <properties>
[...]
</properties>
  <testcase name="testGetIntProperty_InvalidFormat" classname="com.wikipedia.unit.ConfigReaderUnitTest" time="0.027">
    <system-out><![CDATA[2025-10-27 16:53:36.335 INFO  [main] com.wikipedia.utils.ConfigReader.loadProperties - Carregando propriedades do arquivo: src/test/resources/config.properties
2025-10-27 16:53:36.345 INFO  [main] com.wikipedia.utils.ConfigReader.loadProperties - Propriedades carregadas com sucesso de src/test/resources/config.properties.
2025-10-27 16:53:36.346 WARN  [main] com.wikipedia.utils.ConfigReader.loadTestProperties - --- CARREGANDO PROPRIEDADES DE TESTE DE: src/test/resources/test-config.properties ---
2025-10-27 16:53:36.346 INFO  [main] com.wikipedia.utils.ConfigReader.loadProperties - Carregando propriedades do arquivo: src/test/resources/test-config.properties
2025-10-27 16:53:36.347 INFO  [main] com.wikipedia.utils.ConfigReader.loadProperties - Propriedades carregadas com sucesso de src/test/resources/test-config.properties.
2025-10-27 16:53:36.363 WARN  [main] com.wikipedia.utils.ConfigReader.getIntProperty - Falha ao converter a propriedade 'invalidNumericProperty' ('abc') do arquivo src/test/resources/test-config.properties para inteiro. Usando valor padrão: 99. Erro: For input string: "abc"
]]></system-out>
  </testcase>
  <testcase name="testGetPropertyWithDefaultValue_NotExists" classname="com.wikipedia.unit.ConfigReaderUnitTest" time="0.004">
    <system-out><![CDATA[2025-10-27 16:53:36.386 WARN  [main] com.wikipedia.utils.ConfigReader.getProperty - Propriedade 'chaveInexistente' não encontrada no arquivo src/test/resources/test-config.properties
]]></system-out>
  </testcase>
  <testcase name="testGetIntProperty_NotExists" classname="com.wikipedia.unit.ConfigReaderUnitTest" time="0.003">
    <system-out><![CDATA[2025-10-27 16:53:36.392 WARN  [main] com.wikipedia.utils.ConfigReader.getProperty - Propriedade 'intInexistente' não encontrada no arquivo src/test/resources/test-config.properties
]]></system-out>
  </testcase>
  <testcase name="testGetPropertyWithDefaultValue_Exists" classname="com.wikipedia.unit.ConfigReaderUnitTest" time="0.002"/>
  <testcase name="testLoadProperties_FileNotFound" classname="com.wikipedia.unit.ConfigReaderUnitTest" time="0.007">
    <system-out><![CDATA[2025-10-27 16:53:36.402 WARN  [main] com.wikipedia.utils.ConfigReader.loadTestProperties - --- CARREGANDO PROPRIEDADES DE TESTE DE: src/test/resources/non-existent-config.properties ---
2025-10-27 16:53:36.403 INFO  [main] com.wikipedia.utils.ConfigReader.loadProperties - Carregando propriedades do arquivo: src/test/resources/non-existent-config.properties
2025-10-27 16:53:36.404 ERROR [main] com.wikipedia.utils.ConfigReader.loadProperties - Arquivo de configuração não encontrado em: src/test/resources/non-existent-config.properties
2025-10-27 16:53:36.405 WARN  [main] com.wikipedia.utils.ConfigReader.loadTestProperties - --- CARREGANDO PROPRIEDADES DE TESTE DE: src/test/resources/test-config.properties ---
2025-10-27 16:53:36.405 INFO  [main] com.wikipedia.utils.ConfigReader.loadProperties - Carregando propriedades do arquivo: src/test/resources/test-config.properties
2025-10-27 16:53:36.406 INFO  [main] com.wikipedia.utils.ConfigReader.loadProperties - Propriedades carregadas com sucesso de src/test/resources/test-config.properties.
]]></system-out>
  </testcase>
  <testcase name="testGetExistingStringProperty" classname="com.wikipedia.unit.ConfigReaderUnitTest" time="0.002"/>
  <testcase name="testGetPropertyWithSpaces" classname="com.wikipedia.unit.ConfigReaderUnitTest" time="0.001"/>
  <testcase name="testConvenienceMethods" classname="com.wikipedia.unit.ConfigReaderUnitTest" time="0.004">
    <system-out><![CDATA[2025-10-27 16:53:36.417 WARN  [main] com.wikipedia.utils.ConfigReader.getProperty - Propriedade 'appiumServerUrl' não encontrada no arquivo src/test/resources/test-config.properties
]]></system-out>
  </testcase>
  <testcase name="testGetExistingIntProperty" classname="com.wikipedia.unit.ConfigReaderUnitTest" time="0.003"/>
  <testcase name="testGetNonExistentProperty" classname="com.wikipedia.unit.ConfigReaderUnitTest" time="0.004">
    <system-out><![CDATA[2025-10-27 16:53:36.429 WARN  [main] com.wikipedia.utils.ConfigReader.getProperty - Propriedade 'chaveInexistente' não encontrada no arquivo src/test/resources/test-config.properties
]]></system-out>
  </testcase>
</testsuite>