<?xml version="1.0" encoding="UTF-8"?>
<testsuite xmlns:xsi="http://www.w3.org/2001/XMLSchema-instance" xsi:noNamespaceSchemaLocation="https://maven.apache.org/surefire/maven-surefire-plugin/xsd/surefire-test-report.xsd" version="3.0.2" name="com.wikipedia.unit.CommonActionsUnitTest" time="4.086" tests="22" errors="0" skipped="0" failures="0">
  <properties>
[...]
</properties>
  <testcase name="testInputText_WithEmptyText_ShouldThrowException" classname="com.wikipedia.unit.CommonActionsUnitTest" time="3.368">
    <system-out><![CDATA[2025-10-29 15:34:38.878 INFO  [main] com.wikipedia.commons.CommonActions.<init> - CommonActions inicializado via DI para testes.
2025-10-29 15:34:38.896 ERROR [main] com.wikipedia.commons.CommonActions.inputText - Texto não pode ser null ou vazio em inputText
]]></system-out>
  </testcase>
  <testcase name="testClickElement_WithNullElement_ShouldThrowException" classname="com.wikipedia.unit.CommonActionsUnitTest" time="0.01">
    <system-out><![CDATA[2025-10-29 15:34:39.016 INFO  [main] com.wikipedia.commons.CommonActions.<init> - CommonActions inicializado via DI para testes.
2025-10-29 15:34:39.017 ERROR [main] com.wikipedia.commons.CommonActions.clickElement - Elemento não pode ser null em clickElement
]]></system-out>
  </testcase>
  <testcase name="testConstructor_WithNegativeTimeout_ShouldThrowException" classname="com.wikipedia.unit.CommonActionsUnitTest" time="0.014">
    <system-out><![CDATA[2025-10-29 15:34:39.027 INFO  [main] com.wikipedia.commons.CommonActions.<init> - CommonActions inicializado via DI para testes.
2025-10-29 15:34:39.028 ERROR [main] com.wikipedia.commons.CommonActions.<init> - Timeout deve ser maior que zero, recebido: -1
]]></system-out>
  </testcase>
  <testcase name="testConstructor_WithValidDriver_ShouldInitialize" classname="com.wikipedia.unit.CommonActionsUnitTest" time="0.013">
    <system-out><![CDATA[2025-10-29 15:34:39.046 INFO  [main] com.wikipedia.commons.CommonActions.<init> - CommonActions inicializado via DI para testes.
2025-10-29 15:34:39.049 INFO  [main] com.wikipedia.commons.CommonActions.<init> - CommonActions inicializado com timeout customizado de 30 segundos
]]></system-out>
  </testcase>
  <testcase name="testGetTextFromElement_WhenGetTextFails_ShouldThrowException" classname="com.wikipedia.unit.CommonActionsUnitTest" time="0.091">
    <system-out><![CDATA[2025-10-29 15:34:39.065 INFO  [main] com.wikipedia.commons.CommonActions.<init> - CommonActions inicializado via DI para testes.
2025-10-29 15:34:39.122 ERROR [main] com.wikipedia.commons.CommonActions.getTextFromElement - Erro ao extrair texto do elemento: Elemento stale
Build info: version: '4.38.0', revision: '6b412e825c*'
System info: os.name: 'Windows 10', os.arch: 'amd64', os.version: '10.0', java.version: '17.0.16'
Driver info: driver.version: unknown
org.openqa.selenium.WebDriverException: Elemento stale
Build info: version: '4.38.0', revision: '6b412e825c*'
System info: os.name: 'Windows 10', os.arch: 'amd64', os.version: '10.0', java.version: '17.0.16'
Driver info: driver.version: unknown
	at com.wikipedia.commons.CommonActions.getTextFromElement(CommonActions.java:154)
	at com.wikipedia.unit.CommonActionsUnitTest.lambda$testGetTextFromElement_WhenGetTextFails_ShouldThrowException$13(CommonActionsUnitTest.java:225)
	at org.junit.jupiter.api.AssertThrows.assertThrows(AssertThrows.java:53)
	at org.junit.jupiter.api.AssertThrows.assertThrows(AssertThrows.java:35)
	at org.junit.jupiter.api.Assertions.assertThrows(Assertions.java:3115)
	at com.wikipedia.unit.CommonActionsUnitTest.testGetTextFromElement_WhenGetTextFails_ShouldThrowException(CommonActionsUnitTest.java:224)
	at java.base/jdk.internal.reflect.NativeMethodAccessorImpl.invoke0(Native Method)
	at java.base/jdk.internal.reflect.NativeMethodAccessorImpl.invoke(NativeMethodAccessorImpl.java:77)
	at java.base/jdk.internal.reflect.DelegatingMethodAccessorImpl.invoke(DelegatingMethodAccessorImpl.java:43)
	at java.base/java.lang.reflect.Method.invoke(Method.java:569)
	at org.junit.platform.commons.util.ReflectionUtils.invokeMethod(ReflectionUtils.java:728)
	at org.junit.jupiter.engine.execution.MethodInvocation.proceed(MethodInvocation.java:60)
	at org.junit.jupiter.engine.execution.InvocationInterceptorChain$ValidatingInvocation.proceed(InvocationInterceptorChain.java:131)
	at org.junit.jupiter.engine.extension.TimeoutExtension.intercept(TimeoutExtension.java:156)
	at org.junit.jupiter.engine.extension.TimeoutExtension.interceptTestableMethod(TimeoutExtension.java:147)
	at org.junit.jupiter.engine.extension.TimeoutExtension.interceptTestMethod(TimeoutExtension.java:86)
	at org.junit.jupiter.engine.execution.InterceptingExecutableInvoker$ReflectiveInterceptorCall.lambda$ofVoidMethod$0(InterceptingExecutableInvoker.java:103)
	at org.junit.jupiter.engine.execution.InterceptingExecutableInvoker.lambda$invoke$0(InterceptingExecutableInvoker.java:93)
	at org.junit.jupiter.engine.execution.InvocationInterceptorChain$InterceptedInvocation.proceed(InvocationInterceptorChain.java:106)
	at org.junit.jupiter.engine.execution.InvocationInterceptorChain.proceed(InvocationInterceptorChain.java:64)
	at org.junit.jupiter.engine.execution.InvocationInterceptorChain.chainAndInvoke(InvocationInterceptorChain.java:45)
	at org.junit.jupiter.engine.execution.InvocationInterceptorChain.invoke(InvocationInterceptorChain.java:37)
	at org.junit.jupiter.engine.execution.InterceptingExecutableInvoker.invoke(InterceptingExecutableInvoker.java:92)
	at org.junit.jupiter.engine.execution.InterceptingExecutableInvoker.invoke(InterceptingExecutableInvoker.java:86)
	at org.junit.jupiter.engine.descriptor.TestMethodTestDescriptor.lambda$invokeTestMethod$7(TestMethodTestDescriptor.java:218)
	at org.junit.platform.engine.support.hierarchical.ThrowableCollector.execute(ThrowableCollector.java:73)
	at org.junit.jupiter.engine.descriptor.TestMethodTestDescriptor.invokeTestMethod(TestMethodTestDescriptor.java:214)
	at org.junit.jupiter.engine.descriptor.TestMethodTestDescriptor.execute(TestMethodTestDescriptor.java:139)
	at org.junit.jupiter.engine.descriptor.TestMethodTestDescriptor.execute(TestMethodTestDescriptor.java:69)
	at org.junit.platform.engine.support.hierarchical.NodeTestTask.lambda$executeRecursively$6(NodeTestTask.java:151)
	at org.junit.platform.engine.support.hierarchical.ThrowableCollector.execute(ThrowableCollector.java:73)
	at org.junit.platform.engine.support.hierarchical.NodeTestTask.lambda$executeRecursively$8(NodeTestTask.java:141)
	at org.junit.platform.engine.support.hierarchical.Node.around(Node.java:137)
	at org.junit.platform.engine.support.hierarchical.NodeTestTask.lambda$executeRecursively$9(NodeTestTask.java:139)
	at org.junit.platform.engine.support.hierarchical.ThrowableCollector.execute(ThrowableCollector.java:73)
	at org.junit.platform.engine.support.hierarchical.NodeTestTask.executeRecursively(NodeTestTask.java:138)
	at org.junit.platform.engine.support.hierarchical.NodeTestTask.execute(NodeTestTask.java:95)
	at java.base/java.util.ArrayList.forEach(ArrayList.java:1511)
	at org.junit.platform.engine.support.hierarchical.SameThreadHierarchicalTestExecutorService.invokeAll(SameThreadHierarchicalTestExecutorService.java:41)
	at org.junit.platform.engine.support.hierarchical.NodeTestTask.lambda$executeRecursively$6(NodeTestTask.java:155)
	at org.junit.platform.engine.support.hierarchical.ThrowableCollector.execute(ThrowableCollector.java:73)
	at org.junit.platform.engine.support.hierarchical.NodeTestTask.lambda$executeRecursively$8(NodeTestTask.java:141)
	at org.junit.platform.engine.support.hierarchical.Node.around(Node.java:137)
	at org.junit.platform.engine.support.hierarchical.NodeTestTask.lambda$executeRecursively$9(NodeTestTask.java:139)
	at org.junit.platform.engine.support.hierarchical.ThrowableCollector.execute(ThrowableCollector.java:73)
	at org.junit.platform.engine.support.hierarchical.NodeTestTask.executeRecursively(NodeTestTask.java:138)
	at org.junit.platform.engine.support.hierarchical.NodeTestTask.execute(NodeTestTask.java:95)
	at java.base/java.util.ArrayList.forEach(ArrayList.java:1511)
	at org.junit.platform.engine.support.hierarchical.SameThreadHierarchicalTestExecutorService.invokeAll(SameThreadHierarchicalTestExecutorService.java:41)
	at org.junit.platform.engine.support.hierarchical.NodeTestTask.lambda$executeRecursively$6(NodeTestTask.java:155)
	at org.junit.platform.engine.support.hierarchical.ThrowableCollector.execute(ThrowableCollector.java:73)
	at org.junit.platform.engine.support.hierarchical.NodeTestTask.lambda$executeRecursively$8(NodeTestTask.java:141)
	at org.junit.platform.engine.support.hierarchical.Node.around(Node.java:137)
	at org.junit.platform.engine.support.hierarchical.NodeTestTask.lambda$executeRecursively$9(NodeTestTask.java:139)
	at org.junit.platform.engine.support.hierarchical.ThrowableCollector.execute(ThrowableCollector.java:73)
	at org.junit.platform.engine.support.hierarchical.NodeTestTask.executeRecursively(NodeTestTask.java:138)
	at org.junit.platform.engine.support.hierarchical.NodeTestTask.execute(NodeTestTask.java:95)
	at org.junit.platform.engine.support.hierarchical.SameThreadHierarchicalTestExecutorService.submit(SameThreadHierarchicalTestExecutorService.java:35)
	at org.junit.platform.engine.support.hierarchical.HierarchicalTestExecutor.execute(HierarchicalTestExecutor.java:57)
	at org.junit.platform.engine.support.hierarchical.HierarchicalTestEngine.execute(HierarchicalTestEngine.java:54)
	at org.junit.platform.launcher.core.EngineExecutionOrchestrator.execute(EngineExecutionOrchestrator.java:198)
	at org.junit.platform.launcher.core.EngineExecutionOrchestrator.execute(EngineExecutionOrchestrator.java:169)
	at org.junit.platform.launcher.core.EngineExecutionOrchestrator.execute(EngineExecutionOrchestrator.java:93)
	at org.junit.platform.launcher.core.EngineExecutionOrchestrator.lambda$execute$0(EngineExecutionOrchestrator.java:58)
	at org.junit.platform.launcher.core.EngineExecutionOrchestrator.withInterceptedStreams(EngineExecutionOrchestrator.java:141)
	at org.junit.platform.launcher.core.EngineExecutionOrchestrator.execute(EngineExecutionOrchestrator.java:57)
	at org.junit.platform.launcher.core.DefaultLauncher.execute(DefaultLauncher.java:103)
	at org.junit.platform.launcher.core.DefaultLauncher.execute(DefaultLauncher.java:85)
	at org.junit.platform.launcher.core.DelegatingLauncher.execute(DelegatingLauncher.java:47)
	at org.apache.maven.surefire.junitplatform.LazyLauncher.execute(LazyLauncher.java:56)
	at org.apache.maven.surefire.junitplatform.JUnitPlatformProvider.execute(JUnitPlatformProvider.java:184)
	at org.apache.maven.surefire.junitplatform.JUnitPlatformProvider.invokeAllTests(JUnitPlatformProvider.java:148)
	at org.apache.maven.surefire.junitplatform.JUnitPlatformProvider.invoke(JUnitPlatformProvider.java:122)
	at org.apache.maven.surefire.booter.ForkedBooter.runSuitesInProcess(ForkedBooter.java:385)
	at org.apache.maven.surefire.booter.ForkedBooter.execute(ForkedBooter.java:162)
	at org.apache.maven.surefire.booter.ForkedBooter.run(ForkedBooter.java:507)
	at org.apache.maven.surefire.booter.ForkedBooter.main(ForkedBooter.java:495)
]]></system-out>
  </testcase>
  <testcase name="testWaitForElementVisible_WithTimeout_ShouldThrowTimeoutException" classname="com.wikipedia.unit.CommonActionsUnitTest" time="0.012">
    <system-out><![CDATA[2025-10-29 15:34:39.153 INFO  [main] com.wikipedia.commons.CommonActions.<init> - CommonActions inicializado via DI para testes.
2025-10-29 15:34:39.156 ERROR [main] com.wikipedia.commons.CommonActions.waitForElementVisible - Erro ao aguardar elemento ficar visível: Timeout simulado
Build info: version: '4.38.0', revision: '6b412e825c*'
System info: os.name: 'Windows 10', os.arch: 'amd64', os.version: '10.0', java.version: '17.0.16'
Driver info: driver.version: unknown
org.openqa.selenium.TimeoutException: Timeout simulado
Build info: version: '4.38.0', revision: '6b412e825c*'
System info: os.name: 'Windows 10', os.arch: 'amd64', os.version: '10.0', java.version: '17.0.16'
Driver info: driver.version: unknown
	at org.openqa.selenium.support.ui.FluentWait.until(FluentWait.java:198)
	at com.wikipedia.commons.CommonActions.waitForElementVisible(CommonActions.java:86)
	at com.wikipedia.unit.CommonActionsUnitTest.lambda$testWaitForElementVisible_WithTimeout_ShouldThrowTimeoutException$4(CommonActionsUnitTest.java:112)
	at org.junit.jupiter.api.AssertThrows.assertThrows(AssertThrows.java:53)
	at org.junit.jupiter.api.AssertThrows.assertThrows(AssertThrows.java:35)
	at org.junit.jupiter.api.Assertions.assertThrows(Assertions.java:3115)
	at com.wikipedia.unit.CommonActionsUnitTest.testWaitForElementVisible_WithTimeout_ShouldThrowTimeoutException(CommonActionsUnitTest.java:111)
	at java.base/jdk.internal.reflect.NativeMethodAccessorImpl.invoke0(Native Method)
	at java.base/jdk.internal.reflect.NativeMethodAccessorImpl.invoke(NativeMethodAccessorImpl.java:77)
	at java.base/jdk.internal.reflect.DelegatingMethodAccessorImpl.invoke(DelegatingMethodAccessorImpl.java:43)
	at java.base/java.lang.reflect.Method.invoke(Method.java:569)
	at org.junit.platform.commons.util.ReflectionUtils.invokeMethod(ReflectionUtils.java:728)
	at org.junit.jupiter.engine.execution.MethodInvocation.proceed(MethodInvocation.java:60)
	at org.junit.jupiter.engine.execution.InvocationInterceptorChain$ValidatingInvocation.proceed(InvocationInterceptorChain.java:131)
	at org.junit.jupiter.engine.extension.TimeoutExtension.intercept(TimeoutExtension.java:156)
	at org.junit.jupiter.engine.extension.TimeoutExtension.interceptTestableMethod(TimeoutExtension.java:147)
	at org.junit.jupiter.engine.extension.TimeoutExtension.interceptTestMethod(TimeoutExtension.java:86)
	at org.junit.jupiter.engine.execution.InterceptingExecutableInvoker$ReflectiveInterceptorCall.lambda$ofVoidMethod$0(InterceptingExecutableInvoker.java:103)
	at org.junit.jupiter.engine.execution.InterceptingExecutableInvoker.lambda$invoke$0(InterceptingExecutableInvoker.java:93)
	at org.junit.jupiter.engine.execution.InvocationInterceptorChain$InterceptedInvocation.proceed(InvocationInterceptorChain.java:106)
	at org.junit.jupiter.engine.execution.InvocationInterceptorChain.proceed(InvocationInterceptorChain.java:64)
	at org.junit.jupiter.engine.execution.InvocationInterceptorChain.chainAndInvoke(InvocationInterceptorChain.java:45)
	at org.junit.jupiter.engine.execution.InvocationInterceptorChain.invoke(InvocationInterceptorChain.java:37)
	at org.junit.jupiter.engine.execution.InterceptingExecutableInvoker.invoke(InterceptingExecutableInvoker.java:92)
	at org.junit.jupiter.engine.execution.InterceptingExecutableInvoker.invoke(InterceptingExecutableInvoker.java:86)
	at org.junit.jupiter.engine.descriptor.TestMethodTestDescriptor.lambda$invokeTestMethod$7(TestMethodTestDescriptor.java:218)
	at org.junit.platform.engine.support.hierarchical.ThrowableCollector.execute(ThrowableCollector.java:73)
	at org.junit.jupiter.engine.descriptor.TestMethodTestDescriptor.invokeTestMethod(TestMethodTestDescriptor.java:214)
	at org.junit.jupiter.engine.descriptor.TestMethodTestDescriptor.execute(TestMethodTestDescriptor.java:139)
	at org.junit.jupiter.engine.descriptor.TestMethodTestDescriptor.execute(TestMethodTestDescriptor.java:69)
	at org.junit.platform.engine.support.hierarchical.NodeTestTask.lambda$executeRecursively$6(NodeTestTask.java:151)
	at org.junit.platform.engine.support.hierarchical.ThrowableCollector.execute(ThrowableCollector.java:73)
	at org.junit.platform.engine.support.hierarchical.NodeTestTask.lambda$executeRecursively$8(NodeTestTask.java:141)
	at org.junit.platform.engine.support.hierarchical.Node.around(Node.java:137)
	at org.junit.platform.engine.support.hierarchical.NodeTestTask.lambda$executeRecursively$9(NodeTestTask.java:139)
	at org.junit.platform.engine.support.hierarchical.ThrowableCollector.execute(ThrowableCollector.java:73)
	at org.junit.platform.engine.support.hierarchical.NodeTestTask.executeRecursively(NodeTestTask.java:138)
	at org.junit.platform.engine.support.hierarchical.NodeTestTask.execute(NodeTestTask.java:95)
	at java.base/java.util.ArrayList.forEach(ArrayList.java:1511)
	at org.junit.platform.engine.support.hierarchical.SameThreadHierarchicalTestExecutorService.invokeAll(SameThreadHierarchicalTestExecutorService.java:41)
	at org.junit.platform.engine.support.hierarchical.NodeTestTask.lambda$executeRecursively$6(NodeTestTask.java:155)
	at org.junit.platform.engine.support.hierarchical.ThrowableCollector.execute(ThrowableCollector.java:73)
	at org.junit.platform.engine.support.hierarchical.NodeTestTask.lambda$executeRecursively$8(NodeTestTask.java:141)
	at org.junit.platform.engine.support.hierarchical.Node.around(Node.java:137)
	at org.junit.platform.engine.support.hierarchical.NodeTestTask.lambda$executeRecursively$9(NodeTestTask.java:139)
	at org.junit.platform.engine.support.hierarchical.ThrowableCollector.execute(ThrowableCollector.java:73)
	at org.junit.platform.engine.support.hierarchical.NodeTestTask.executeRecursively(NodeTestTask.java:138)
	at org.junit.platform.engine.support.hierarchical.NodeTestTask.execute(NodeTestTask.java:95)
	at java.base/java.util.ArrayList.forEach(ArrayList.java:1511)
	at org.junit.platform.engine.support.hierarchical.SameThreadHierarchicalTestExecutorService.invokeAll(SameThreadHierarchicalTestExecutorService.java:41)
	at org.junit.platform.engine.support.hierarchical.NodeTestTask.lambda$executeRecursively$6(NodeTestTask.java:155)
	at org.junit.platform.engine.support.hierarchical.ThrowableCollector.execute(ThrowableCollector.java:73)
	at org.junit.platform.engine.support.hierarchical.NodeTestTask.lambda$executeRecursively$8(NodeTestTask.java:141)
	at org.junit.platform.engine.support.hierarchical.Node.around(Node.java:137)
	at org.junit.platform.engine.support.hierarchical.NodeTestTask.lambda$executeRecursively$9(NodeTestTask.java:139)
	at org.junit.platform.engine.support.hierarchical.ThrowableCollector.execute(ThrowableCollector.java:73)
	at org.junit.platform.engine.support.hierarchical.NodeTestTask.executeRecursively(NodeTestTask.java:138)
	at org.junit.platform.engine.support.hierarchical.NodeTestTask.execute(NodeTestTask.java:95)
	at org.junit.platform.engine.support.hierarchical.SameThreadHierarchicalTestExecutorService.submit(SameThreadHierarchicalTestExecutorService.java:35)
	at org.junit.platform.engine.support.hierarchical.HierarchicalTestExecutor.execute(HierarchicalTestExecutor.java:57)
	at org.junit.platform.engine.support.hierarchical.HierarchicalTestEngine.execute(HierarchicalTestEngine.java:54)
	at org.junit.platform.launcher.core.EngineExecutionOrchestrator.execute(EngineExecutionOrchestrator.java:198)
	at org.junit.platform.launcher.core.EngineExecutionOrchestrator.execute(EngineExecutionOrchestrator.java:169)
	at org.junit.platform.launcher.core.EngineExecutionOrchestrator.execute(EngineExecutionOrchestrator.java:93)
	at org.junit.platform.launcher.core.EngineExecutionOrchestrator.lambda$execute$0(EngineExecutionOrchestrator.java:58)
	at org.junit.platform.launcher.core.EngineExecutionOrchestrator.withInterceptedStreams(EngineExecutionOrchestrator.java:141)
	at org.junit.platform.launcher.core.EngineExecutionOrchestrator.execute(EngineExecutionOrchestrator.java:57)
	at org.junit.platform.launcher.core.DefaultLauncher.execute(DefaultLauncher.java:103)
	at org.junit.platform.launcher.core.DefaultLauncher.execute(DefaultLauncher.java:85)
	at org.junit.platform.launcher.core.DelegatingLauncher.execute(DelegatingLauncher.java:47)
	at org.apache.maven.surefire.junitplatform.LazyLauncher.execute(LazyLauncher.java:56)
	at org.apache.maven.surefire.junitplatform.JUnitPlatformProvider.execute(JUnitPlatformProvider.java:184)
	at org.apache.maven.surefire.junitplatform.JUnitPlatformProvider.invokeAllTests(JUnitPlatformProvider.java:148)
	at org.apache.maven.surefire.junitplatform.JUnitPlatformProvider.invoke(JUnitPlatformProvider.java:122)
	at org.apache.maven.surefire.booter.ForkedBooter.runSuitesInProcess(ForkedBooter.java:385)
	at org.apache.maven.surefire.booter.ForkedBooter.execute(ForkedBooter.java:162)
	at org.apache.maven.surefire.booter.ForkedBooter.run(ForkedBooter.java:507)
	at org.apache.maven.surefire.booter.ForkedBooter.main(ForkedBooter.java:495)
]]></system-out>
  </testcase>
  <testcase name="testWaitForElementVisible_WithNullElement_ShouldThrowException" classname="com.wikipedia.unit.CommonActionsUnitTest" time="0.011">
    <system-out><![CDATA[2025-10-29 15:34:39.172 INFO  [main] com.wikipedia.commons.CommonActions.<init> - CommonActions inicializado via DI para testes.
2025-10-29 15:34:39.173 ERROR [main] com.wikipedia.commons.CommonActions.waitForElementVisible - Elemento não pode ser null em waitForElementVisible
]]></system-out>
  </testcase>
  <testcase name="testClickElement_WithClickableElement_ShouldClick" classname="com.wikipedia.unit.CommonActionsUnitTest" time="0.033">
    <system-out><![CDATA[2025-10-29 15:34:39.192 INFO  [main] com.wikipedia.commons.CommonActions.<init> - CommonActions inicializado via DI para testes.
2025-10-29 15:34:39.207 INFO  [main] com.wikipedia.commons.CommonActions.clickElement - Clique realizado com sucesso no elemento
]]></system-out>
  </testcase>
  <testcase name="testClickElement_WhenClickFails_ShouldThrowException" classname="com.wikipedia.unit.CommonActionsUnitTest" time="0.039">
    <system-out><![CDATA[2025-10-29 15:34:39.226 INFO  [main] com.wikipedia.commons.CommonActions.<init> - CommonActions inicializado via DI para testes.
2025-10-29 15:34:39.235 ERROR [main] com.wikipedia.commons.CommonActions.clickElement - Erro ao clicar no elemento: Elemento não clicável
Build info: version: '4.38.0', revision: '6b412e825c*'
System info: os.name: 'Windows 10', os.arch: 'amd64', os.version: '10.0', java.version: '17.0.16'
Driver info: driver.version: unknown
org.openqa.selenium.WebDriverException: Elemento não clicável
Build info: version: '4.38.0', revision: '6b412e825c*'
System info: os.name: 'Windows 10', os.arch: 'amd64', os.version: '10.0', java.version: '17.0.16'
Driver info: driver.version: unknown
	at com.wikipedia.commons.CommonActions.clickElement(CommonActions.java:107)
	at com.wikipedia.unit.CommonActionsUnitTest.lambda$testClickElement_WhenClickFails_ShouldThrowException$7(CommonActionsUnitTest.java:146)
	at org.junit.jupiter.api.AssertThrows.assertThrows(AssertThrows.java:53)
	at org.junit.jupiter.api.AssertThrows.assertThrows(AssertThrows.java:35)
	at org.junit.jupiter.api.Assertions.assertThrows(Assertions.java:3115)
	at com.wikipedia.unit.CommonActionsUnitTest.testClickElement_WhenClickFails_ShouldThrowException(CommonActionsUnitTest.java:145)
	at java.base/jdk.internal.reflect.NativeMethodAccessorImpl.invoke0(Native Method)
	at java.base/jdk.internal.reflect.NativeMethodAccessorImpl.invoke(NativeMethodAccessorImpl.java:77)
	at java.base/jdk.internal.reflect.DelegatingMethodAccessorImpl.invoke(DelegatingMethodAccessorImpl.java:43)
	at java.base/java.lang.reflect.Method.invoke(Method.java:569)
	at org.junit.platform.commons.util.ReflectionUtils.invokeMethod(ReflectionUtils.java:728)
	at org.junit.jupiter.engine.execution.MethodInvocation.proceed(MethodInvocation.java:60)
	at org.junit.jupiter.engine.execution.InvocationInterceptorChain$ValidatingInvocation.proceed(InvocationInterceptorChain.java:131)
	at org.junit.jupiter.engine.extension.TimeoutExtension.intercept(TimeoutExtension.java:156)
	at org.junit.jupiter.engine.extension.TimeoutExtension.interceptTestableMethod(TimeoutExtension.java:147)
	at org.junit.jupiter.engine.extension.TimeoutExtension.interceptTestMethod(TimeoutExtension.java:86)
	at org.junit.jupiter.engine.execution.InterceptingExecutableInvoker$ReflectiveInterceptorCall.lambda$ofVoidMethod$0(InterceptingExecutableInvoker.java:103)
	at org.junit.jupiter.engine.execution.InterceptingExecutableInvoker.lambda$invoke$0(InterceptingExecutableInvoker.java:93)
	at org.junit.jupiter.engine.execution.InvocationInterceptorChain$InterceptedInvocation.proceed(InvocationInterceptorChain.java:106)
	at org.junit.jupiter.engine.execution.InvocationInterceptorChain.proceed(InvocationInterceptorChain.java:64)
	at org.junit.jupiter.engine.execution.InvocationInterceptorChain.chainAndInvoke(InvocationInterceptorChain.java:45)
	at org.junit.jupiter.engine.execution.InvocationInterceptorChain.invoke(InvocationInterceptorChain.java:37)
	at org.junit.jupiter.engine.execution.InterceptingExecutableInvoker.invoke(InterceptingExecutableInvoker.java:92)
	at org.junit.jupiter.engine.execution.InterceptingExecutableInvoker.invoke(InterceptingExecutableInvoker.java:86)
	at org.junit.jupiter.engine.descriptor.TestMethodTestDescriptor.lambda$invokeTestMethod$7(TestMethodTestDescriptor.java:218)
	at org.junit.platform.engine.support.hierarchical.ThrowableCollector.execute(ThrowableCollector.java:73)
	at org.junit.jupiter.engine.descriptor.TestMethodTestDescriptor.invokeTestMethod(TestMethodTestDescriptor.java:214)
	at org.junit.jupiter.engine.descriptor.TestMethodTestDescriptor.execute(TestMethodTestDescriptor.java:139)
	at org.junit.jupiter.engine.descriptor.TestMethodTestDescriptor.execute(TestMethodTestDescriptor.java:69)
	at org.junit.platform.engine.support.hierarchical.NodeTestTask.lambda$executeRecursively$6(NodeTestTask.java:151)
	at org.junit.platform.engine.support.hierarchical.ThrowableCollector.execute(ThrowableCollector.java:73)
	at org.junit.platform.engine.support.hierarchical.NodeTestTask.lambda$executeRecursively$8(NodeTestTask.java:141)
	at org.junit.platform.engine.support.hierarchical.Node.around(Node.java:137)
	at org.junit.platform.engine.support.hierarchical.NodeTestTask.lambda$executeRecursively$9(NodeTestTask.java:139)
	at org.junit.platform.engine.support.hierarchical.ThrowableCollector.execute(ThrowableCollector.java:73)
	at org.junit.platform.engine.support.hierarchical.NodeTestTask.executeRecursively(NodeTestTask.java:138)
	at org.junit.platform.engine.support.hierarchical.NodeTestTask.execute(NodeTestTask.java:95)
	at java.base/java.util.ArrayList.forEach(ArrayList.java:1511)
	at org.junit.platform.engine.support.hierarchical.SameThreadHierarchicalTestExecutorService.invokeAll(SameThreadHierarchicalTestExecutorService.java:41)
	at org.junit.platform.engine.support.hierarchical.NodeTestTask.lambda$executeRecursively$6(NodeTestTask.java:155)
	at org.junit.platform.engine.support.hierarchical.ThrowableCollector.execute(ThrowableCollector.java:73)
	at org.junit.platform.engine.support.hierarchical.NodeTestTask.lambda$executeRecursively$8(NodeTestTask.java:141)
	at org.junit.platform.engine.support.hierarchical.Node.around(Node.java:137)
	at org.junit.platform.engine.support.hierarchical.NodeTestTask.lambda$executeRecursively$9(NodeTestTask.java:139)
	at org.junit.platform.engine.support.hierarchical.ThrowableCollector.execute(ThrowableCollector.java:73)
	at org.junit.platform.engine.support.hierarchical.NodeTestTask.executeRecursively(NodeTestTask.java:138)
	at org.junit.platform.engine.support.hierarchical.NodeTestTask.execute(NodeTestTask.java:95)
	at java.base/java.util.ArrayList.forEach(ArrayList.java:1511)
	at org.junit.platform.engine.support.hierarchical.SameThreadHierarchicalTestExecutorService.invokeAll(SameThreadHierarchicalTestExecutorService.java:41)
	at org.junit.platform.engine.support.hierarchical.NodeTestTask.lambda$executeRecursively$6(NodeTestTask.java:155)
	at org.junit.platform.engine.support.hierarchical.ThrowableCollector.execute(ThrowableCollector.java:73)
	at org.junit.platform.engine.support.hierarchical.NodeTestTask.lambda$executeRecursively$8(NodeTestTask.java:141)
	at org.junit.platform.engine.support.hierarchical.Node.around(Node.java:137)
	at org.junit.platform.engine.support.hierarchical.NodeTestTask.lambda$executeRecursively$9(NodeTestTask.java:139)
	at org.junit.platform.engine.support.hierarchical.ThrowableCollector.execute(ThrowableCollector.java:73)
	at org.junit.platform.engine.support.hierarchical.NodeTestTask.executeRecursively(NodeTestTask.java:138)
	at org.junit.platform.engine.support.hierarchical.NodeTestTask.execute(NodeTestTask.java:95)
	at org.junit.platform.engine.support.hierarchical.SameThreadHierarchicalTestExecutorService.submit(SameThreadHierarchicalTestExecutorService.java:35)
	at org.junit.platform.engine.support.hierarchical.HierarchicalTestExecutor.execute(HierarchicalTestExecutor.java:57)
	at org.junit.platform.engine.support.hierarchical.HierarchicalTestEngine.execute(HierarchicalTestEngine.java:54)
	at org.junit.platform.launcher.core.EngineExecutionOrchestrator.execute(EngineExecutionOrchestrator.java:198)
	at org.junit.platform.launcher.core.EngineExecutionOrchestrator.execute(EngineExecutionOrchestrator.java:169)
	at org.junit.platform.launcher.core.EngineExecutionOrchestrator.execute(EngineExecutionOrchestrator.java:93)
	at org.junit.platform.launcher.core.EngineExecutionOrchestrator.lambda$execute$0(EngineExecutionOrchestrator.java:58)
	at org.junit.platform.launcher.core.EngineExecutionOrchestrator.withInterceptedStreams(EngineExecutionOrchestrator.java:141)
	at org.junit.platform.launcher.core.EngineExecutionOrchestrator.execute(EngineExecutionOrchestrator.java:57)
	at org.junit.platform.launcher.core.DefaultLauncher.execute(DefaultLauncher.java:103)
	at org.junit.platform.launcher.core.DefaultLauncher.execute(DefaultLauncher.java:85)
	at org.junit.platform.launcher.core.DelegatingLauncher.execute(DelegatingLauncher.java:47)
	at org.apache.maven.surefire.junitplatform.LazyLauncher.execute(LazyLauncher.java:56)
	at org.apache.maven.surefire.junitplatform.JUnitPlatformProvider.execute(JUnitPlatformProvider.java:184)
	at org.apache.maven.surefire.junitplatform.JUnitPlatformProvider.invokeAllTests(JUnitPlatformProvider.java:148)
	at org.apache.maven.surefire.junitplatform.JUnitPlatformProvider.invoke(JUnitPlatformProvider.java:122)
	at org.apache.maven.surefire.booter.ForkedBooter.runSuitesInProcess(ForkedBooter.java:385)
	at org.apache.maven.surefire.booter.ForkedBooter.execute(ForkedBooter.java:162)
	at org.apache.maven.surefire.booter.ForkedBooter.run(ForkedBooter.java:507)
	at org.apache.maven.surefire.booter.ForkedBooter.main(ForkedBooter.java:495)
]]></system-out>
  </testcase>
  <testcase name="testConstructor_WithZeroTimeout_ShouldThrowException" classname="com.wikipedia.unit.CommonActionsUnitTest" time="0.016">
    <system-out><![CDATA[2025-10-29 15:34:39.325 INFO  [main] com.wikipedia.commons.CommonActions.<init> - CommonActions inicializado via DI para testes.
2025-10-29 15:34:39.330 ERROR [main] com.wikipedia.commons.CommonActions.<init> - Timeout deve ser maior que zero, recebido: 0
]]></system-out>
  </testcase>
  <testcase name="testInputText_WithNullElement_ShouldThrowException" classname="com.wikipedia.unit.CommonActionsUnitTest" time="0.015">
    <system-out><![CDATA[2025-10-29 15:34:39.347 INFO  [main] com.wikipedia.commons.CommonActions.<init> - CommonActions inicializado via DI para testes.
2025-10-29 15:34:39.348 ERROR [main] com.wikipedia.commons.CommonActions.inputText - Elemento não pode ser null em inputText
]]></system-out>
  </testcase>
  <testcase name="testConstructor_WithNullDriver_ShouldThrowException" classname="com.wikipedia.unit.CommonActionsUnitTest" time="0.015">
    <system-out><![CDATA[2025-10-29 15:34:39.362 INFO  [main] com.wikipedia.commons.CommonActions.<init> - CommonActions inicializado via DI para testes.
2025-10-29 15:34:39.363 ERROR [main] com.wikipedia.commons.CommonActions.<init> - Driver não pode ser null ao inicializar CommonActions
]]></system-out>
  </testcase>
  <testcase name="testSwipe_Custom_WithNegativeCoordinates_ShouldThrowException" classname="com.wikipedia.unit.CommonActionsUnitTest" time="0.012">
    <system-out><![CDATA[2025-10-29 15:34:39.374 INFO  [main] com.wikipedia.commons.CommonActions.<init> - CommonActions inicializado via DI para testes.
2025-10-29 15:34:39.377 ERROR [main] com.wikipedia.commons.CommonActions.swipe - Coordenadas não podem ser negativas: (-10,1500) até (500,300)
2025-10-29 15:34:39.378 ERROR [main] com.wikipedia.commons.CommonActions.swipe - Coordenadas não podem ser negativas: (500,-10) até (500,300)
2025-10-29 15:34:39.379 ERROR [main] com.wikipedia.commons.CommonActions.swipe - Coordenadas não podem ser negativas: (500,1500) até (-10,300)
2025-10-29 15:34:39.380 ERROR [main] com.wikipedia.commons.CommonActions.swipe - Coordenadas não podem ser negativas: (500,1500) até (500,-10)
]]></system-out>
  </testcase>
  <testcase name="testInputText_WithNullText_ShouldThrowException" classname="com.wikipedia.unit.CommonActionsUnitTest" time="0.01">
    <system-out><![CDATA[2025-10-29 15:34:39.398 INFO  [main] com.wikipedia.commons.CommonActions.<init> - CommonActions inicializado via DI para testes.
2025-10-29 15:34:39.399 ERROR [main] com.wikipedia.commons.CommonActions.inputText - Texto não pode ser null ou vazio em inputText
]]></system-out>
  </testcase>
  <testcase name="testConstructor_WithCustomTimeout_ShouldInitialize" classname="com.wikipedia.unit.CommonActionsUnitTest" time="0.01">
    <system-out><![CDATA[2025-10-29 15:34:39.409 INFO  [main] com.wikipedia.commons.CommonActions.<init> - CommonActions inicializado via DI para testes.
2025-10-29 15:34:39.412 INFO  [main] com.wikipedia.commons.CommonActions.<init> - CommonActions inicializado com timeout customizado de 60 segundos
]]></system-out>
  </testcase>
  <testcase name="testSwipe_Default_ShouldExecuteW3CSwipe" classname="com.wikipedia.unit.CommonActionsUnitTest" time="0.154">
    <system-out><![CDATA[2025-10-29 15:34:39.419 INFO  [main] com.wikipedia.commons.CommonActions.<init> - CommonActions inicializado via DI para testes.
2025-10-29 15:34:39.566 INFO  [main] com.wikipedia.commons.CommonActions.swipe - Swipe W3C customizado realizado com sucesso
]]></system-out>
  </testcase>
  <testcase name="testGetTextFromElement_WithNullElement_ShouldThrowException" classname="com.wikipedia.unit.CommonActionsUnitTest" time="0.008">
    <system-out><![CDATA[2025-10-29 15:34:39.575 INFO  [main] com.wikipedia.commons.CommonActions.<init> - CommonActions inicializado via DI para testes.
2025-10-29 15:34:39.576 ERROR [main] com.wikipedia.commons.CommonActions.getTextFromElement - Elemento não pode ser null em getTextFromElement
]]></system-out>
  </testcase>
  <testcase name="testWaitForElementVisible_WithVisibleElement_ShouldReturnElement" classname="com.wikipedia.unit.CommonActionsUnitTest" time="0.014">
    <system-out><![CDATA[2025-10-29 15:34:39.585 INFO  [main] com.wikipedia.commons.CommonActions.<init> - CommonActions inicializado via DI para testes.
2025-10-29 15:34:39.586 INFO  [main] com.wikipedia.commons.CommonActions.waitForElementVisible - Elemento ficou visível com sucesso
]]></system-out>
  </testcase>
  <testcase name="testSwipe_Default_WhenDimensionsNull_ShouldThrowException" classname="com.wikipedia.unit.CommonActionsUnitTest" time="0.008">
    <system-out><![CDATA[2025-10-29 15:34:39.600 INFO  [main] com.wikipedia.commons.CommonActions.<init> - CommonActions inicializado via DI para testes.
2025-10-29 15:34:39.602 ERROR [main] com.wikipedia.commons.CommonActions.swipe - Não foi possível obter dimensões da tela
]]></system-out>
  </testcase>
  <testcase name="testSwipe_Custom_WithValidCoordinates_ShouldExecuteW3CSwipe" classname="com.wikipedia.unit.CommonActionsUnitTest" time="0.008">
    <system-out><![CDATA[2025-10-29 15:34:39.614 INFO  [main] com.wikipedia.commons.CommonActions.<init> - CommonActions inicializado via DI para testes.
2025-10-29 15:34:39.616 INFO  [main] com.wikipedia.commons.CommonActions.swipe - Swipe W3C customizado realizado com sucesso
]]></system-out>
  </testcase>
  <testcase name="testInputText_WithValidText_ShouldInputText" classname="com.wikipedia.unit.CommonActionsUnitTest" time="0.012">
    <system-out><![CDATA[2025-10-29 15:34:39.622 INFO  [main] com.wikipedia.commons.CommonActions.<init> - CommonActions inicializado via DI para testes.
2025-10-29 15:34:39.626 INFO  [main] com.wikipedia.commons.CommonActions.inputText - Texto 'Appium Test' inserido com sucesso no elemento
]]></system-out>
  </testcase>
  <testcase name="testGetTextFromElement_WithValidElement_ShouldReturnText" classname="com.wikipedia.unit.CommonActionsUnitTest" time="0.006">
    <system-out><![CDATA[2025-10-29 15:34:39.637 INFO  [main] com.wikipedia.commons.CommonActions.<init> - CommonActions inicializado via DI para testes.
2025-10-29 15:34:39.639 INFO  [main] com.wikipedia.commons.CommonActions.getTextFromElement - Texto extraído com sucesso do elemento: 'Appium Framework'
]]></system-out>
  </testcase>
</testsuite>