<?xml version="1.0" encoding="UTF-8"?>
<testsuite xmlns:xsi="http://www.w3.org/2001/XMLSchema-instance" xsi:noNamespaceSchemaLocation="https://maven.apache.org/surefire/maven-surefire-plugin/xsd/surefire-test-report.xsd" version="3.0.2" name="com.wikipedia.unit.DriverFactoryUnitTest" time="2.46" tests="5" errors="0" skipped="0" failures="0">
  <properties>
[...]
</properties>
  <testcase name="testInitializeDriver_ReturnsExistingDriver" classname="com.wikipedia.unit.DriverFactoryUnitTest" time="2.342"/>
  <testcase name="testInitializeDriver_InvalidURL" classname="com.wikipedia.unit.DriverFactoryUnitTest" time="0.017"/>
  <testcase name="testInitializeAndroidDriver_Success" classname="com.wikipedia.unit.DriverFactoryUnitTest" time="0.013"/>
  <testcase name="testInitializeDriver_ServerOffline" classname="com.wikipedia.unit.DriverFactoryUnitTest" time="0.017"/>
  <testcase name="testGetDriverAndQuitDriver" classname="com.wikipedia.unit.DriverFactoryUnitTest" time="0.011"/>
</testsuite>