<?xml version="1.0" encoding="UTF-8"?>
<testsuite xmlns:xsi="http://www.w3.org/2001/XMLSchema-instance" xsi:noNamespaceSchemaLocation="https://maven.apache.org/surefire/maven-surefire-plugin/xsd/surefire-test-report.xsd" version="3.0.2" name="com.wikipedia.unit.ConfigReaderUnitTest" time="0.181" tests="13" errors="0" skipped="0" failures="0">
  <properties>
[...]
</properties>
  <testcase name="testGetIntProperty_DefaultFile_Exists" classname="com.wikipedia.unit.ConfigReaderUnitTest" time="0.01">
    <system-out><![CDATA[2025-10-29 15:34:39.673 INFO  [main] com.wikipedia.utils.ConfigReader.loadProperties - Carregando propriedades do arquivo: src/test/resources/config.properties
2025-10-29 15:34:39.676 INFO  [main] com.wikipedia.utils.ConfigReader.loadProperties - Propriedades carregadas com sucesso de src/test/resources/config.properties.
]]></system-out>
  </testcase>
  <testcase name="testGetIntProperty_NotExists" classname="com.wikipedia.unit.ConfigReaderUnitTest" time="0.01">
    <system-out><![CDATA[2025-10-29 15:34:39.683 WARN  [main] com.wikipedia.utils.ConfigReader.loadTestProperties - --- CARREGANDO PROPRIEDADES DE TESTE DE: src/test/resources/test-config.properties ---
2025-10-29 15:34:39.684 INFO  [main] com.wikipedia.utils.ConfigReader.loadProperties - Carregando propriedades do arquivo: src/test/resources/test-config.properties
2025-10-29 15:34:39.685 INFO  [main] com.wikipedia.utils.ConfigReader.loadProperties - Propriedades carregadas com sucesso de src/test/resources/test-config.properties.
2025-10-29 15:34:39.685 WARN  [main] com.wikipedia.utils.ConfigReader.getProperty - Propriedade 'chave.que.nao.existe.no.teste' não encontrada no arquivo src/test/resources/test-config.properties
2025-10-29 15:34:39.685 WARN  [main] com.wikipedia.utils.ConfigReader.resetToDefaultProperties - --- RESTAURANDO PROPRIEDADES PADRÃO DE: src/test/resources/config.properties ---
2025-10-29 15:34:39.686 INFO  [main] com.wikipedia.utils.ConfigReader.loadProperties - Carregando propriedades do arquivo: src/test/resources/config.properties
2025-10-29 15:34:39.692 INFO  [main] com.wikipedia.utils.ConfigReader.loadProperties - Propriedades carregadas com sucesso de src/test/resources/config.properties.
]]></system-out>
  </testcase>
  <testcase name="testGetIntProperty_EmptyProperty" classname="com.wikipedia.unit.ConfigReaderUnitTest" time="0.007">
    <system-out><![CDATA[2025-10-29 15:34:39.695 WARN  [main] com.wikipedia.utils.ConfigReader.loadTestProperties - --- CARREGANDO PROPRIEDADES DE TESTE DE: src/test/resources/test-config.properties ---
2025-10-29 15:34:39.696 INFO  [main] com.wikipedia.utils.ConfigReader.loadProperties - Carregando propriedades do arquivo: src/test/resources/test-config.properties
2025-10-29 15:34:39.698 INFO  [main] com.wikipedia.utils.ConfigReader.loadProperties - Propriedades carregadas com sucesso de src/test/resources/test-config.properties.
2025-10-29 15:34:39.698 WARN  [main] com.wikipedia.utils.ConfigReader.getIntProperty - Propriedade 'nonExistentProperty' está presente mas vazia no arquivo src/test/resources/test-config.properties. Usando valor padrão: 10
2025-10-29 15:34:39.699 WARN  [main] com.wikipedia.utils.ConfigReader.resetToDefaultProperties - --- RESTAURANDO PROPRIEDADES PADRÃO DE: src/test/resources/config.properties ---
2025-10-29 15:34:39.699 INFO  [main] com.wikipedia.utils.ConfigReader.loadProperties - Carregando propriedades do arquivo: src/test/resources/config.properties
2025-10-29 15:34:39.700 INFO  [main] com.wikipedia.utils.ConfigReader.loadProperties - Propriedades carregadas com sucesso de src/test/resources/config.properties.
]]></system-out>
  </testcase>
  <testcase name="testGetProperty_WithDefault_WhenNotExists" classname="com.wikipedia.unit.ConfigReaderUnitTest" time="0.007">
    <system-out><![CDATA[2025-10-29 15:34:39.703 WARN  [main] com.wikipedia.utils.ConfigReader.loadTestProperties - --- CARREGANDO PROPRIEDADES DE TESTE DE: src/test/resources/test-config.properties ---
2025-10-29 15:34:39.703 INFO  [main] com.wikipedia.utils.ConfigReader.loadProperties - Carregando propriedades do arquivo: src/test/resources/test-config.properties
2025-10-29 15:34:39.704 INFO  [main] com.wikipedia.utils.ConfigReader.loadProperties - Propriedades carregadas com sucesso de src/test/resources/test-config.properties.
2025-10-29 15:34:39.704 WARN  [main] com.wikipedia.utils.ConfigReader.getProperty - Propriedade 'chave.que.nao.existe.no.teste' não encontrada no arquivo src/test/resources/test-config.properties
2025-10-29 15:34:39.705 WARN  [main] com.wikipedia.utils.ConfigReader.resetToDefaultProperties - --- RESTAURANDO PROPRIEDADES PADRÃO DE: src/test/resources/config.properties ---
2025-10-29 15:34:39.706 INFO  [main] com.wikipedia.utils.ConfigReader.loadProperties - Carregando propriedades do arquivo: src/test/resources/config.properties
2025-10-29 15:34:39.707 INFO  [main] com.wikipedia.utils.ConfigReader.loadProperties - Propriedades carregadas com sucesso de src/test/resources/config.properties.
]]></system-out>
  </testcase>
  <testcase name="testResetToDefaultProperties" classname="com.wikipedia.unit.ConfigReaderUnitTest" time="0.006">
    <system-out><![CDATA[2025-10-29 15:34:39.719 WARN  [main] com.wikipedia.utils.ConfigReader.loadTestProperties - --- CARREGANDO PROPRIEDADES DE TESTE DE: src/test/resources/test-config.properties ---
2025-10-29 15:34:39.720 INFO  [main] com.wikipedia.utils.ConfigReader.loadProperties - Carregando propriedades do arquivo: src/test/resources/test-config.properties
2025-10-29 15:34:39.720 INFO  [main] com.wikipedia.utils.ConfigReader.loadProperties - Propriedades carregadas com sucesso de src/test/resources/test-config.properties.
2025-10-29 15:34:39.721 WARN  [main] com.wikipedia.utils.ConfigReader.resetToDefaultProperties - --- RESTAURANDO PROPRIEDADES PADRÃO DE: src/test/resources/config.properties ---
2025-10-29 15:34:39.721 INFO  [main] com.wikipedia.utils.ConfigReader.loadProperties - Carregando propriedades do arquivo: src/test/resources/config.properties
2025-10-29 15:34:39.722 INFO  [main] com.wikipedia.utils.ConfigReader.loadProperties - Propriedades carregadas com sucesso de src/test/resources/config.properties.
]]></system-out>
  </testcase>
  <testcase name="testGetIntProperty_InvalidNumberFormat" classname="com.wikipedia.unit.ConfigReaderUnitTest" time="0.007">
    <system-out><![CDATA[2025-10-29 15:34:39.724 WARN  [main] com.wikipedia.utils.ConfigReader.loadTestProperties - --- CARREGANDO PROPRIEDADES DE TESTE DE: src/test/resources/test-config.properties ---
2025-10-29 15:34:39.725 INFO  [main] com.wikipedia.utils.ConfigReader.loadProperties - Carregando propriedades do arquivo: src/test/resources/test-config.properties
2025-10-29 15:34:39.726 INFO  [main] com.wikipedia.utils.ConfigReader.loadProperties - Propriedades carregadas com sucesso de src/test/resources/test-config.properties.
2025-10-29 15:34:39.727 WARN  [main] com.wikipedia.utils.ConfigReader.getIntProperty - Falha ao converter a propriedade 'invalidNumericProperty' ('abc') do arquivo src/test/resources/test-config.properties para inteiro. Usando valor padrão: 10. Erro: For input string: "abc"
2025-10-29 15:34:39.728 WARN  [main] com.wikipedia.utils.ConfigReader.resetToDefaultProperties - --- RESTAURANDO PROPRIEDADES PADRÃO DE: src/test/resources/config.properties ---
2025-10-29 15:34:39.729 INFO  [main] com.wikipedia.utils.ConfigReader.loadProperties - Carregando propriedades do arquivo: src/test/resources/config.properties
2025-10-29 15:34:39.730 INFO  [main] com.wikipedia.utils.ConfigReader.loadProperties - Propriedades carregadas com sucesso de src/test/resources/config.properties.
]]></system-out>
  </testcase>
  <testcase name="testGetIntProperty_ValidNumericFromTestFile" classname="com.wikipedia.unit.ConfigReaderUnitTest" time="0.008">
    <system-out><![CDATA[2025-10-29 15:34:39.733 WARN  [main] com.wikipedia.utils.ConfigReader.loadTestProperties - --- CARREGANDO PROPRIEDADES DE TESTE DE: src/test/resources/test-config.properties ---
2025-10-29 15:34:39.734 INFO  [main] com.wikipedia.utils.ConfigReader.loadProperties - Carregando propriedades do arquivo: src/test/resources/test-config.properties
2025-10-29 15:34:39.735 INFO  [main] com.wikipedia.utils.ConfigReader.loadProperties - Propriedades carregadas com sucesso de src/test/resources/test-config.properties.
2025-10-29 15:34:39.736 WARN  [main] com.wikipedia.utils.ConfigReader.resetToDefaultProperties - --- RESTAURANDO PROPRIEDADES PADRÃO DE: src/test/resources/config.properties ---
2025-10-29 15:34:39.736 INFO  [main] com.wikipedia.utils.ConfigReader.loadProperties - Carregando propriedades do arquivo: src/test/resources/config.properties
2025-10-29 15:34:39.737 INFO  [main] com.wikipedia.utils.ConfigReader.loadProperties - Propriedades carregadas com sucesso de src/test/resources/config.properties.
]]></system-out>
  </testcase>
  <testcase name="testResetToDefaultProperties_WhenAlreadyDefault" classname="com.wikipedia.unit.ConfigReaderUnitTest" time="0.003"/>
  <testcase name="testGetProperty_DefaultFile_NotExists" classname="com.wikipedia.unit.ConfigReaderUnitTest" time="0.004">
    <system-out><![CDATA[2025-10-29 15:34:39.799 WARN  [main] com.wikipedia.utils.ConfigReader.getProperty - Propriedade 'chave.que.realmente.nao.existe.no.padrao' não encontrada no arquivo src/test/resources/config.properties
]]></system-out>
  </testcase>
  <testcase name="testGetProperty_DefaultFile_Exists" classname="com.wikipedia.unit.ConfigReaderUnitTest" time="0.002"/>
  <testcase name="testLoadTestProperties" classname="com.wikipedia.unit.ConfigReaderUnitTest" time="0.009">
    <system-out><![CDATA[2025-10-29 15:34:39.808 WARN  [main] com.wikipedia.utils.ConfigReader.loadTestProperties - --- CARREGANDO PROPRIEDADES DE TESTE DE: src/test/resources/test-config.properties ---
2025-10-29 15:34:39.810 INFO  [main] com.wikipedia.utils.ConfigReader.loadProperties - Carregando propriedades do arquivo: src/test/resources/test-config.properties
2025-10-29 15:34:39.811 INFO  [main] com.wikipedia.utils.ConfigReader.loadProperties - Propriedades carregadas com sucesso de src/test/resources/test-config.properties.
2025-10-29 15:34:39.812 WARN  [main] com.wikipedia.utils.ConfigReader.resetToDefaultProperties - --- RESTAURANDO PROPRIEDADES PADRÃO DE: src/test/resources/config.properties ---
2025-10-29 15:34:39.813 INFO  [main] com.wikipedia.utils.ConfigReader.loadProperties - Carregando propriedades do arquivo: src/test/resources/config.properties
2025-10-29 15:34:39.815 INFO  [main] com.wikipedia.utils.ConfigReader.loadProperties - Propriedades carregadas com sucesso de src/test/resources/config.properties.
]]></system-out>
  </testcase>
  <testcase name="testGetProperty_WithDefault_WhenExists" classname="com.wikipedia.unit.ConfigReaderUnitTest" time="0.004">
    <system-out><![CDATA[2025-10-29 15:34:39.833 WARN  [main] com.wikipedia.utils.ConfigReader.loadTestProperties - --- CARREGANDO PROPRIEDADES DE TESTE DE: src/test/resources/test-config.properties ---
2025-10-29 15:34:39.833 INFO  [main] com.wikipedia.utils.ConfigReader.loadProperties - Carregando propriedades do arquivo: src/test/resources/test-config.properties
2025-10-29 15:34:39.834 INFO  [main] com.wikipedia.utils.ConfigReader.loadProperties - Propriedades carregadas com sucesso de src/test/resources/test-config.properties.
2025-10-29 15:34:39.835 WARN  [main] com.wikipedia.utils.ConfigReader.resetToDefaultProperties - --- RESTAURANDO PROPRIEDADES PADRÃO DE: src/test/resources/config.properties ---
2025-10-29 15:34:39.835 INFO  [main] com.wikipedia.utils.ConfigReader.loadProperties - Carregando propriedades do arquivo: src/test/resources/config.properties
2025-10-29 15:34:39.836 INFO  [main] com.wikipedia.utils.ConfigReader.loadProperties - Propriedades carregadas com sucesso de src/test/resources/config.properties.
]]></system-out>
  </testcase>
  <testcase name="testGetProperty_WithSpaces" classname="com.wikipedia.unit.ConfigReaderUnitTest" time="0.01">
    <system-out><![CDATA[2025-10-29 15:34:39.842 WARN  [main] com.wikipedia.utils.ConfigReader.loadTestProperties - --- CARREGANDO PROPRIEDADES DE TESTE DE: src/test/resources/test-config.properties ---
2025-10-29 15:34:39.843 INFO  [main] com.wikipedia.utils.ConfigReader.loadProperties - Carregando propriedades do arquivo: src/test/resources/test-config.properties
2025-10-29 15:34:39.845 INFO  [main] com.wikipedia.utils.ConfigReader.loadProperties - Propriedades carregadas com sucesso de src/test/resources/test-config.properties.
2025-10-29 15:34:39.846 WARN  [main] com.wikipedia.utils.ConfigReader.resetToDefaultProperties - --- RESTAURANDO PROPRIEDADES PADRÃO DE: src/test/resources/config.properties ---
2025-10-29 15:34:39.846 INFO  [main] com.wikipedia.utils.ConfigReader.loadProperties - Carregando propriedades do arquivo: src/test/resources/config.properties
2025-10-29 15:34:39.847 INFO  [main] com.wikipedia.utils.ConfigReader.loadProperties - Propriedades carregadas com sucesso de src/test/resources/config.properties.
]]></system-out>
  </testcase>
</testsuite>